<?xml version="1.0" encoding="UTF-8"?>
<!-- Generated by org.testng.reporters.JUnitReportReporter -->
<testsuite name="com.learnautomation.testcases.LoginTestCRM" tests="1" time="15.775" ignored="0" failures="0" timestamp="09 Jun 2019 07:02:09 GMT" skipped="0" hostname="Vijju-PC" errors="0">
  <testcase name="loignApp" time="15.775" classname="com.learnautomation.testcases.LoginTestCRM"/>
</testsuite> <!-- com.learnautomation.testcases.LoginTestCRM -->
